2024-07-14 09:19:23,684 - MainLog - DEBUG - create any handlers sucseeded!
2024-07-14 09:19:24,105 - MainLog - DEBUG - create any handlers sucseeded!
2024-07-14 09:29:23,537 - MainLog - DEBUG - create any handlers sucseeded!
2024-07-14 09:29:23,921 - MainLog - DEBUG - create any handlers sucseeded!
2024-07-14 09:29:24,050 - MainLog.CreateUser - DEBUG - nameが重複しています Xx_fps_shake_xX
2024-07-14 09:29:34,881 - MainLog.CreateUser - DEBUG - nameが重複しています inamori
2024-07-14 09:29:34,967 - MainLog.CreateUser - DEBUG - nameが重複しています inagawa
2024-07-14 09:29:35,048 - MainLog.CreateUser - DEBUG - nameが重複しています imoto
2024-07-14 09:29:35,133 - MainLog.CreateUser - DEBUG - nameが重複しています imazato
2024-07-14 09:29:35,236 - MainLog.CreateUser - DEBUG - nameが重複しています takatosi
2024-07-14 09:29:35,337 - MainLog.CreateUser - DEBUG - nameが重複しています Xx_fps_shake_xX
2024-07-14 09:40:25,826 - MainLog - DEBUG - create any handlers sucseeded!
2024-07-14 09:40:26,209 - MainLog - DEBUG - create any handlers sucseeded!
2024-07-14 09:40:32,927 - MainLog.CreateUser - DEBUG - nameが重複しています inamori
2024-07-14 09:40:33,026 - MainLog.CreateUser - DEBUG - nameが重複しています inagawa
2024-07-14 09:40:33,127 - MainLog.CreateUser - DEBUG - nameが重複しています imoto
2024-07-14 09:40:33,211 - MainLog.CreateUser - DEBUG - nameが重複しています imazato
2024-07-14 09:40:33,292 - MainLog.CreateUser - DEBUG - nameが重複しています takatosi
2024-07-14 09:40:33,378 - MainLog.CreateUser - DEBUG - nameが重複しています Xx_fps_shake_xX
2024-07-14 09:41:06,220 - MainLog - DEBUG - create any handlers sucseeded!
2024-07-14 09:41:10,770 - MainLog.CreateUser - DEBUG - nameが重複しています inamori
2024-07-14 09:41:10,854 - MainLog.CreateUser - DEBUG - nameが重複しています inagawa
2024-07-14 09:41:10,935 - MainLog.CreateUser - DEBUG - nameが重複しています imoto
2024-07-14 09:41:11,020 - MainLog.CreateUser - DEBUG - nameが重複しています imazato
2024-07-14 09:41:11,101 - MainLog.CreateUser - DEBUG - nameが重複しています takatosi
2024-07-14 09:41:11,232 - MainLog.CreateUser - DEBUG - nameが重複しています Xx_fps_shake_xX
2024-07-14 09:41:32,965 - MainLog - DEBUG - create any handlers sucseeded!
2024-07-14 09:41:34,946 - MainLog.CreateUser - DEBUG - nameが重複しています inamori
2024-07-14 09:41:35,044 - MainLog.CreateUser - DEBUG - nameが重複しています inagawa
2024-07-14 09:41:35,131 - MainLog.CreateUser - DEBUG - nameが重複しています imoto
2024-07-14 09:41:35,211 - MainLog.CreateUser - DEBUG - nameが重複しています imazato
2024-07-14 09:41:35,297 - MainLog.CreateUser - DEBUG - nameが重複しています takatosi
2024-07-14 09:41:35,480 - MainLog.CreateUser - DEBUG - nameが重複しています Xx_fps_shake_xX
2024-07-14 09:41:45,549 - MainLog - DEBUG - create any handlers sucseeded!
2024-07-14 09:41:48,434 - MainLog.CreateUser - DEBUG - nameが重複しています inamori
2024-07-14 09:41:48,522 - MainLog.CreateUser - DEBUG - nameが重複しています inagawa
2024-07-14 09:41:48,607 - MainLog.CreateUser - DEBUG - nameが重複しています imoto
2024-07-14 09:41:48,702 - MainLog.CreateUser - DEBUG - nameが重複しています imazato
2024-07-14 09:41:48,795 - MainLog.CreateUser - DEBUG - nameが重複しています takatosi
2024-07-14 09:41:48,882 - MainLog.CreateUser - DEBUG - nameが重複しています Xx_fps_shake_xX
2024-07-14 09:42:04,941 - MainLog.CreateUser - DEBUG - nameが重複しています inamori
2024-07-14 09:42:05,035 - MainLog.CreateUser - DEBUG - nameが重複しています inagawa
2024-07-14 09:42:05,146 - MainLog.CreateUser - DEBUG - nameが重複しています imoto
2024-07-14 09:42:05,250 - MainLog.CreateUser - DEBUG - nameが重複しています imazato
2024-07-14 09:42:05,335 - MainLog.CreateUser - DEBUG - nameが重複しています takatosi
2024-07-14 09:42:05,428 - MainLog.CreateUser - DEBUG - nameが重複しています Xx_fps_shake_xX
2024-07-14 09:43:41,305 - MainLog - DEBUG - create any handlers sucseeded!
2024-07-14 09:43:47,930 - MainLog.CreateUser - DEBUG - nameが重複しています inamori
2024-07-14 09:43:48,033 - MainLog.CreateUser - DEBUG - nameが重複しています inagawa
2024-07-14 09:43:48,118 - MainLog.CreateUser - DEBUG - nameが重複しています imoto
2024-07-14 09:43:48,210 - MainLog.CreateUser - DEBUG - nameが重複しています imazato
2024-07-14 09:43:48,295 - MainLog.CreateUser - DEBUG - nameが重複しています takatosi
2024-07-14 09:43:48,377 - MainLog.CreateUser - DEBUG - nameが重複しています Xx_fps_shake_xX
2024-07-14 09:50:26,379 - MainLog - DEBUG - create any handlers sucseeded!
2024-07-14 09:50:30,542 - MainLog.CreateUser - DEBUG - nameが重複しています inamori
2024-07-14 09:51:18,412 - MainLog - DEBUG - create any handlers sucseeded!
2024-07-14 09:51:20,956 - MainLog.CreateUser - DEBUG - nameが重複しています inamori
2024-07-14 10:00:14,012 - MainLog - DEBUG - create any handlers sucseeded!
2024-07-14 10:01:09,100 - MainLog - DEBUG - create any handlers sucseeded!
2024-07-14 10:01:32,819 - MainLog - DEBUG - create any handlers sucseeded!
2024-07-14 10:02:28,920 - MainLog - DEBUG - create any handlers sucseeded!
2024-07-14 10:03:48,288 - MainLog - DEBUG - create any handlers sucseeded!
2024-07-14 10:04:17,070 - MainLog - DEBUG - create any handlers sucseeded!
2024-07-14 10:05:05,070 - MainLog - DEBUG - create any handlers sucseeded!
2024-07-14 10:06:09,272 - MainLog - DEBUG - create any handlers sucseeded!
2024-07-14 10:06:29,960 - MainLog - DEBUG - create any handlers sucseeded!
2024-07-14 10:07:30,145 - MainLog - DEBUG - create any handlers sucseeded!
2024-07-14 10:08:08,027 - MainLog - DEBUG - create any handlers sucseeded!
2024-07-14 10:09:41,561 - MainLog - DEBUG - create any handlers sucseeded!
2024-07-14 10:09:51,126 - MainLog - DEBUG - create any handlers sucseeded!
2024-07-14 10:09:58,651 - MainLog - DEBUG - create any handlers sucseeded!
2024-07-14 10:10:10,218 - MainLog - DEBUG - create any handlers sucseeded!
2024-07-14 10:10:22,812 - MainLog - DEBUG - create any handlers sucseeded!
2024-07-14 10:12:15,668 - MainLog - DEBUG - create any handlers sucseeded!
2024-07-14 10:14:27,646 - MainLog - DEBUG - create any handlers sucseeded!
2024-07-14 10:14:33,148 - MainLog - DEBUG - create any handlers sucseeded!
2024-07-14 10:15:26,200 - MainLog - DEBUG - create any handlers sucseeded!
2024-07-14 10:15:27,551 - MainLog - DEBUG - create any handlers sucseeded!
2024-07-14 10:15:27,940 - MainLog - DEBUG - create any handlers sucseeded!
2024-07-14 10:18:50,251 - MainLog - DEBUG - create any handlers sucseeded!
2024-07-14 10:18:56,780 - MainLog - DEBUG - create any handlers sucseeded!
2024-07-14 10:19:28,606 - MainLog - DEBUG - create any handlers sucseeded!
2024-07-14 10:19:35,134 - MainLog - DEBUG - create any handlers sucseeded!
2024-07-14 10:19:55,814 - MainLog - DEBUG - create any handlers sucseeded!
2024-07-14 10:20:32,687 - MainLog - DEBUG - create any handlers sucseeded!
2024-07-14 10:20:58,436 - MainLog - DEBUG - create any handlers sucseeded!
2024-07-14 10:21:49,469 - MainLog - DEBUG - create any handlers sucseeded!
2024-07-14 10:22:17,238 - MainLog - DEBUG - create any handlers sucseeded!
2024-07-14 10:25:37,012 - MainLog - DEBUG - create any handlers sucseeded!
2024-07-14 10:25:38,948 - MainLog.CreateUser - DEBUG - nameが重複しています inamori
2024-07-14 10:26:08,852 - MainLog - DEBUG - create any handlers sucseeded!
2024-07-14 10:26:12,218 - MainLog.CreateUser - DEBUG - nameが重複しています inamori
2024-07-14 10:26:21,450 - MainLog - DEBUG - create any handlers sucseeded!
2024-07-14 10:26:22,972 - MainLog.CreateUser - DEBUG - nameが重複しています inamori
2024-07-14 10:26:23,060 - MainLog.AuthUser - DEBUG - userIDが不正です : 5522823a
2024-07-14 10:26:23,153 - MainLog.CreateUser - DEBUG - nameが重複しています inagawa
2024-07-14 10:26:23,226 - MainLog.AuthUser - DEBUG - userIDが不正です : 493f6359
2024-07-14 10:26:23,316 - MainLog.CreateUser - DEBUG - nameが重複しています imoto
2024-07-14 10:26:23,392 - MainLog.AuthUser - DEBUG - userIDが不正です : 7f4c4650
2024-07-14 10:26:23,482 - MainLog.CreateUser - DEBUG - nameが重複しています imazato
2024-07-14 10:26:23,559 - MainLog.AuthUser - DEBUG - userIDが不正です : 7a043713
2024-07-14 10:26:23,649 - MainLog.CreateUser - DEBUG - nameが重複しています takatosi
2024-07-14 10:26:23,749 - MainLog.AuthUser - DEBUG - userIDが不正です : 8d8b828f
2024-07-14 10:26:23,849 - MainLog.CreateUser - DEBUG - nameが重複しています Xx_fps_shake_xX
2024-07-14 10:26:23,938 - MainLog.AuthUser - DEBUG - userIDが不正です : 727add4c
2024-07-14 10:26:24,038 - MainLog.CreateUser - DEBUG - nameが重複しています takemoto
2024-07-14 10:26:24,114 - MainLog.AuthUser - DEBUG - userIDが不正です : a1fd2cc5
2024-07-14 10:26:24,192 - MainLog.CreateUser - DEBUG - nameが重複しています banndou
2024-07-14 10:26:24,282 - MainLog.AuthUser - DEBUG - userIDが不正です : 994aac34
2024-07-14 10:26:24,360 - MainLog.CreateUser - DEBUG - nameが重複しています uwano
2024-07-14 10:26:24,437 - MainLog.AuthUser - DEBUG - userIDが不正です : 3cde0da9
2024-07-14 10:26:24,514 - MainLog.CreateUser - DEBUG - nameが重複しています ishimizu
2024-07-14 10:26:24,592 - MainLog.AuthUser - DEBUG - userIDが不正です : dbc5e75b
2024-07-14 10:29:52,750 - MainLog - DEBUG - create any handlers sucseeded!
2024-07-14 10:30:06,339 - MainLog - DEBUG - create any handlers sucseeded!
2024-07-14 10:30:45,223 - MainLog - DEBUG - create any handlers sucseeded!
2024-07-14 10:30:57,824 - MainLog - DEBUG - create any handlers sucseeded!
2024-07-14 10:31:23,271 - MainLog - DEBUG - create any handlers sucseeded!
2024-07-14 10:31:23,654 - MainLog - DEBUG - create any handlers sucseeded!
2024-07-14 10:33:12,364 - MainLog - DEBUG - create any handlers sucseeded!
2024-07-14 10:36:00,792 - MainLog - DEBUG - create any handlers sucseeded!
2024-07-14 10:36:03,831 - MainLog.CreateUser - DEBUG - nameが重複しています inamori
2024-07-14 10:36:53,855 - MainLog - DEBUG - create any handlers sucseeded!
2024-07-14 10:36:56,328 - MainLog.CreateUser - DEBUG - nameが重複しています inamori
2024-07-14 10:36:56,592 - MainLog.CreateUser - DEBUG - nameが重複しています inagawa
2024-07-14 10:36:56,847 - MainLog.CreateUser - DEBUG - nameが重複しています imoto
2024-07-14 10:36:57,102 - MainLog.CreateUser - DEBUG - nameが重複しています imazato
2024-07-14 10:36:57,359 - MainLog.CreateUser - DEBUG - nameが重複しています takatosi
2024-07-14 10:36:57,613 - MainLog.CreateUser - DEBUG - nameが重複しています Xx_fps_shake_xX
2024-07-14 10:36:57,859 - MainLog.CreateUser - DEBUG - nameが重複しています takemoto
2024-07-14 10:36:58,113 - MainLog.CreateUser - DEBUG - nameが重複しています banndou
2024-07-14 10:36:58,347 - MainLog.CreateUser - DEBUG - nameが重複しています uwano
2024-07-14 10:36:58,581 - MainLog.CreateUser - DEBUG - nameが重複しています ishimizu
2024-07-14 10:37:25,212 - MainLog.CreateUser - DEBUG - nameが重複しています inamori
2024-07-14 10:37:25,490 - MainLog.CreateUser - DEBUG - nameが重複しています inagawa
2024-07-14 10:37:25,758 - MainLog.CreateUser - DEBUG - nameが重複しています imoto
2024-07-14 10:37:26,012 - MainLog.CreateUser - DEBUG - nameが重複しています imazato
2024-07-14 10:37:26,257 - MainLog.CreateUser - DEBUG - nameが重複しています takatosi
2024-07-14 10:37:26,512 - MainLog.CreateUser - DEBUG - nameが重複しています Xx_fps_shake_xX
2024-07-14 10:37:26,764 - MainLog.CreateUser - DEBUG - nameが重複しています takemoto
2024-07-14 10:37:27,112 - MainLog.CreateUser - DEBUG - nameが重複しています banndou
2024-07-14 10:37:27,346 - MainLog.CreateUser - DEBUG - nameが重複しています uwano
2024-07-14 10:37:27,579 - MainLog.CreateUser - DEBUG - nameが重複しています ishimizu
